<?xml version="1.0" encoding="utf-8"?><testsuites name="pytest tests"><testsuite name="pytest" errors="0" failures="0" skipped="0" tests="23" time="11.424" timestamp="2026-04-13T00:37:14.298969+00:00" hostname="agent-env-5f15555b-b9ae-4efd-82cc-17bdfe986e4e"><testcase classname="backend.tests.test_rbac.TestRBACSetup" name="test_admin_login" time="0.426" /><testcase classname="backend.tests.test_rbac.TestRBACSetup" name="test_register_viewer_user" time="0.344" /><testcase classname="backend.tests.test_rbac.TestRBACSetup" name="test_register_editor_user" time="0.336" /><testcase classname="backend.tests.test_rbac.TestRoleManagementEndpoints" name="test_get_my_role" time="0.439" /><testcase classname="backend.tests.test_rbac.TestRoleManagementEndpoints" name="test_get_members_list" time="0.046" /><testcase classname="backend.tests.test_rbac.TestRoleManagementEndpoints" name="test_auth_me_returns_role" time="0.047" /><testcase classname="backend.tests.test_rbac.TestInviteMember" name="test_invite_viewer_member" time="0.606" /><testcase classname="backend.tests.test_rbac.TestInviteMember" name="test_invite_editor_member" time="0.214" /><testcase classname="backend.tests.test_rbac.TestInviteMember" name="test_invite_nonexistent_user_fails" time="0.048" /><testcase classname="backend.tests.test_rbac.TestInviteMember" name="test_invite_invalid_role_fails" time="0.088" /><testcase classname="backend.tests.test_rbac.TestChangeMemberRole" name="test_change_member_role" time="0.736" /><testcase classname="backend.tests.test_rbac.TestRoleBasedAccessDonantes" name="test_admin_can_create_donante" time="0.459" /><testcase classname="backend.tests.test_rbac.TestRoleBasedAccessDonantes" name="test_editor_can_create_donante" time="1.101" /><testcase classname="backend.tests.test_rbac.TestRoleBasedAccessDonantes" name="test_viewer_cannot_create_donante" time="0.777" /><testcase classname="backend.tests.test_rbac.TestRoleBasedAccessDonantes" name="test_viewer_can_read_donantes" time="0.149" /><testcase classname="backend.tests.test_rbac.TestRoleBasedAccessDonantes" name="test_admin_can_delete_donante" time="0.100" /><testcase classname="backend.tests.test_rbac.TestRoleBasedAccessDonantes" name="test_editor_cannot_delete_donante" time="0.269" /><testcase classname="backend.tests.test_rbac.TestRoleBasedAccessDonativos" name="test_viewer_cannot_create_donativo" time="1.098" /><testcase classname="backend.tests.test_rbac.TestRoleBasedAccessCFDIs" name="test_viewer_cannot_create_cfdi" time="1.152" /><testcase classname="backend.tests.test_rbac.TestRoleBasedAccessCFDIs" name="test_editor_cannot_cancel_cfdi" time="0.684" /><testcase classname="backend.tests.test_rbac.TestRemoveMember" name="test_remove_member" time="0.933" /><testcase classname="backend.tests.test_rbac.TestViewerCannotManageMembers" name="test_viewer_cannot_invite_member" time="1.124" /><testcase classname="backend.tests.test_rbac.TestViewerCannotManageMembers" name="test_viewer_cannot_view_members" time="0.154" /></testsuite></testsuites>