<?xml version="1.0" encoding="utf-8"?><testsuites name="pytest tests"><testsuite name="pytest" errors="0" failures="0" skipped="0" tests="22" time="8.339" timestamp="2026-04-13T20:55:24.794921+00:00" hostname="agent-env-5f15555b-b9ae-4efd-82cc-17bdfe986e4e"><testcase classname="backend.tests.test_semaforo_reportes.TestSemaforoCumplimiento" name="test_semaforo_endpoint_returns_200" time="0.556" /><testcase classname="backend.tests.test_semaforo_reportes.TestSemaforoCumplimiento" name="test_semaforo_has_required_fields" time="0.419" /><testcase classname="backend.tests.test_semaforo_reportes.TestSemaforoCumplimiento" name="test_semaforo_has_four_indicators" time="0.410" /><testcase classname="backend.tests.test_semaforo_reportes.TestSemaforoCumplimiento" name="test_semaforo_control_10_has_porcentaje" time="0.425" /><testcase classname="backend.tests.test_semaforo_reportes.TestSemaforoCumplimiento" name="test_semaforo_score_calculation" time="0.419" /><testcase classname="backend.tests.test_semaforo_reportes.TestReportesOperativos" name="test_reportes_operativos_returns_200" time="0.423" /><testcase classname="backend.tests.test_semaforo_reportes.TestReportesOperativos" name="test_reportes_has_resumen" time="0.411" /><testcase classname="backend.tests.test_semaforo_reportes.TestReportesOperativos" name="test_reportes_has_por_tipo" time="0.454" /><testcase classname="backend.tests.test_semaforo_reportes.TestReportesOperativos" name="test_reportes_has_top_donantes" time="0.419" /><testcase classname="backend.tests.test_semaforo_reportes.TestReportesOperativos" name="test_reportes_has_concentracion_80_20" time="0.392" /><testcase classname="backend.tests.test_semaforo_reportes.TestReportesOperativos" name="test_reportes_has_especie" time="0.397" /><testcase classname="backend.tests.test_semaforo_reportes.TestReportesOperativos" name="test_reportes_has_extranjero" time="0.395" /><testcase classname="backend.tests.test_semaforo_reportes.TestReportesOperativos" name="test_reportes_has_conciliacion" time="0.439" /><testcase classname="backend.tests.test_semaforo_reportes.TestFichaPublica" name="test_ficha_publica_returns_200" time="0.387" /><testcase classname="backend.tests.test_semaforo_reportes.TestFichaPublica" name="test_ficha_has_organizacion" time="0.377" /><testcase classname="backend.tests.test_semaforo_reportes.TestFichaPublica" name="test_ficha_has_ingresos_egresos" time="0.384" /><testcase classname="backend.tests.test_semaforo_reportes.TestFichaPublica" name="test_ficha_has_actividades" time="0.438" /><testcase classname="backend.tests.test_semaforo_reportes.TestFichaPublica" name="test_ficha_has_donantes_activos" time="0.410" /><testcase classname="backend.tests.test_semaforo_reportes.TestFichaPublica" name="test_ficha_has_estado_informe" time="0.386" /><testcase classname="backend.tests.test_semaforo_reportes.TestUnauthenticatedAccess" name="test_semaforo_requires_auth" time="0.104" /><testcase classname="backend.tests.test_semaforo_reportes.TestUnauthenticatedAccess" name="test_reportes_operativos_requires_auth" time="0.108" /><testcase classname="backend.tests.test_semaforo_reportes.TestUnauthenticatedAccess" name="test_ficha_publica_requires_auth" time="0.102" /></testsuite></testsuites>