<?xml version="1.0" encoding="utf-8"?><testsuites name="pytest tests"><testsuite name="pytest" errors="0" failures="0" skipped="0" tests="14" time="6.352" timestamp="2026-03-24T01:52:03.561104+00:00" hostname="agent-env-5f15555b-b9ae-4efd-82cc-17bdfe986e4e"><testcase classname="backend.tests.test_multi_donataria.TestMultiDonatariaFeatures" name="test_auth_me_returns_organizaciones_ids" time="0.447" /><testcase classname="backend.tests.test_multi_donataria.TestMultiDonatariaFeatures" name="test_get_organizaciones_returns_list" time="0.414" /><testcase classname="backend.tests.test_multi_donataria.TestMultiDonatariaFeatures" name="test_create_new_organization" time="0.473" /><testcase classname="backend.tests.test_multi_donataria.TestMultiDonatariaFeatures" name="test_switch_organization" time="0.552" /><testcase classname="backend.tests.test_multi_donataria.TestMultiDonatariaFeatures" name="test_switch_to_unauthorized_org_fails" time="0.380" /><testcase classname="backend.tests.test_multi_donataria.TestMultiDonatariaFeatures" name="test_switch_to_nonexistent_org_fails" time="0.375" /><testcase classname="backend.tests.test_multi_donataria.TestMultiDonatariaFeatures" name="test_organizaciones_list_shows_active_flag" time="0.477" /><testcase classname="backend.tests.test_multi_donataria.TestMultiDonatariaFeatures" name="test_create_org_adds_to_organizaciones_ids" time="0.513" /><testcase classname="backend.tests.test_multi_donataria.TestAuditLogForOrgCreation" name="test_org_creation_logged_in_audit" time="0.455" /><testcase classname="backend.tests.test_multi_donataria.TestReportPDFDownload" name="test_report_pdf_download_endpoint" time="0.496" /><testcase classname="backend.tests.test_multi_donataria.TestLogoUpload" name="test_logo_upload_and_retrieval" time="0.429" /><testcase classname="backend.tests.test_multi_donataria.TestAuditLogPage" name="test_audit_log_pagination" time="0.393" /><testcase classname="backend.tests.test_multi_donataria.TestAuditLogPage" name="test_audit_log_filters" time="0.485" /><testcase classname="backend.tests.test_multi_donataria.TestAuditLogPage" name="test_audit_log_export_csv" time="0.379" /></testsuite></testsuites>