<?xml version="1.0" encoding="utf-8"?><testsuites name="pytest tests"><testsuite name="pytest" errors="0" failures="0" skipped="0" tests="21" time="5.022" timestamp="2026-03-24T01:44:15.530372+00:00" hostname="agent-env-5f15555b-b9ae-4efd-82cc-17bdfe986e4e"><testcase classname="backend.tests.test_iteration5_features.TestAuth" name="test_login_success" time="0.524" /><testcase classname="backend.tests.test_iteration5_features.TestLogoUpload" name="test_logo_upload_png" time="0.399" /><testcase classname="backend.tests.test_iteration5_features.TestLogoUpload" name="test_logo_appears_in_organizacion" time="0.049" /><testcase classname="backend.tests.test_iteration5_features.TestLogoUpload" name="test_logo_delete" time="0.100" /><testcase classname="backend.tests.test_iteration5_features.TestLogoUpload" name="test_logo_upload_invalid_type" time="0.048" /><testcase classname="backend.tests.test_iteration5_features.TestAuditLog" name="test_get_audit_log" time="0.407" /><testcase classname="backend.tests.test_iteration5_features.TestAuditLog" name="test_audit_log_filter_by_entidad" time="0.057" /><testcase classname="backend.tests.test_iteration5_features.TestAuditLog" name="test_audit_log_filter_by_accion" time="0.052" /><testcase classname="backend.tests.test_iteration5_features.TestAuditLog" name="test_audit_log_pagination" time="0.059" /><testcase classname="backend.tests.test_iteration5_features.TestAuditLog" name="test_audit_log_export_csv" time="0.059" /><testcase classname="backend.tests.test_iteration5_features.TestAuditLogCreation" name="test_create_donante_triggers_audit" time="0.614" /><testcase classname="backend.tests.test_iteration5_features.TestAuditLogCreation" name="test_create_donativo_triggers_audit" time="0.355" /><testcase classname="backend.tests.test_iteration5_features.TestAuditLogCreation" name="test_create_cfdi_triggers_audit" time="0.352" /><testcase classname="backend.tests.test_iteration5_features.TestReportPDF" name="test_create_report_triggers_audit" time="0.487" /><testcase classname="backend.tests.test_iteration5_features.TestReportPDF" name="test_get_report_pdf" time="0.277" /><testcase classname="backend.tests.test_iteration5_features.TestReportPDF" name="test_get_report_pdf_not_found" time="0.051" /><testcase classname="backend.tests.test_iteration5_features.TestPlantillasUse" name="test_create_plantilla" time="0.402" /><testcase classname="backend.tests.test_iteration5_features.TestPlantillasUse" name="test_list_plantillas" time="0.052" /><testcase classname="backend.tests.test_iteration5_features.TestPlantillasUse" name="test_create_report_from_template" time="0.323" /><testcase classname="backend.tests.test_iteration5_features.TestAuditLogRequiresAuth" name="test_auditoria_requires_auth" time="0.110" /><testcase classname="backend.tests.test_iteration5_features.TestAuditLogRequiresAuth" name="test_auditoria_export_requires_auth" time="0.160" /></testsuite></testsuites>