<?xml version="1.0" encoding="utf-8"?><testsuites name="pytest tests"><testsuite name="pytest" errors="0" failures="0" skipped="0" tests="44" time="20.216" timestamp="2026-04-13T00:24:49.171267+00:00" hostname="agent-env-5f15555b-b9ae-4efd-82cc-17bdfe986e4e"><testcase classname="backend.tests.test_post_refactor_regression.TestAuthAndOrganization" name="test_login_success" time="0.392" /><testcase classname="backend.tests.test_post_refactor_regression.TestAuthAndOrganization" name="test_login_invalid_credentials" time="0.128" /><testcase classname="backend.tests.test_post_refactor_regression.TestAuthAndOrganization" name="test_get_me" time="0.433" /><testcase classname="backend.tests.test_post_refactor_regression.TestAuthAndOrganization" name="test_get_organizaciones" time="0.439" /><testcase classname="backend.tests.test_post_refactor_regression.TestAuthAndOrganization" name="test_get_organizacion" time="0.418" /><testcase classname="backend.tests.test_post_refactor_regression.TestAuthAndOrganization" name="test_switch_organizacion" time="0.503" /><testcase classname="backend.tests.test_post_refactor_regression.TestDonantes" name="test_list_donantes" time="0.422" /><testcase classname="backend.tests.test_post_refactor_regression.TestDonantes" name="test_create_donante" time="0.428" /><testcase classname="backend.tests.test_post_refactor_regression.TestDonantes" name="test_get_donante_detail" time="0.527" /><testcase classname="backend.tests.test_post_refactor_regression.TestDonantes" name="test_update_donante" time="0.551" /><testcase classname="backend.tests.test_post_refactor_regression.TestDonantes" name="test_delete_donante" time="0.539" /><testcase classname="backend.tests.test_post_refactor_regression.TestDonativos" name="test_list_donativos" time="0.417" /><testcase classname="backend.tests.test_post_refactor_regression.TestDonativos" name="test_create_donativo" time="0.601" /><testcase classname="backend.tests.test_post_refactor_regression.TestDonativos" name="test_create_donativo_invalid_donante" time="0.457" /><testcase classname="backend.tests.test_post_refactor_regression.TestCFDIs" name="test_list_cfdis" time="0.417" /><testcase classname="backend.tests.test_post_refactor_regression.TestCFDIs" name="test_create_cfdi_and_timbrar" time="0.788" /><testcase classname="backend.tests.test_post_refactor_regression.TestCFDIs" name="test_cancelar_cfdi" time="0.742" /><testcase classname="backend.tests.test_post_refactor_regression.TestObligacionesFiscales" name="test_list_obligaciones" time="0.410" /><testcase classname="backend.tests.test_post_refactor_regression.TestObligacionesFiscales" name="test_create_obligacion" time="0.425" /><testcase classname="backend.tests.test_post_refactor_regression.TestObligacionesFiscales" name="test_update_obligacion_estado" time="0.482" /><testcase classname="backend.tests.test_post_refactor_regression.TestTransparencia" name="test_list_informes" time="0.426" /><testcase classname="backend.tests.test_post_refactor_regression.TestTransparencia" name="test_create_informe" time="0.412" /><testcase classname="backend.tests.test_post_refactor_regression.TestAlertas" name="test_list_alertas" time="0.408" /><testcase classname="backend.tests.test_post_refactor_regression.TestAlertas" name="test_list_reglas" time="0.444" /><testcase classname="backend.tests.test_post_refactor_regression.TestAlertas" name="test_create_regla" time="0.522" /><testcase classname="backend.tests.test_post_refactor_regression.TestAlertas" name="test_create_manual_alert" time="0.417" /><testcase classname="backend.tests.test_post_refactor_regression.TestAlertas" name="test_alertas_stats" time="0.413" /><testcase classname="backend.tests.test_post_refactor_regression.TestWorkflows" name="test_list_workflows" time="0.511" /><testcase classname="backend.tests.test_post_refactor_regression.TestWorkflows" name="test_create_workflow" time="0.548" /><testcase classname="backend.tests.test_post_refactor_regression.TestWorkflows" name="test_toggle_workflow" time="0.572" /><testcase classname="backend.tests.test_post_refactor_regression.TestReportes" name="test_list_reportes" time="0.398" /><testcase classname="backend.tests.test_post_refactor_regression.TestReportes" name="test_create_reporte" time="0.512" /><testcase classname="backend.tests.test_post_refactor_regression.TestDashboardAndCumplimiento" name="test_dashboard_stats" time="0.419" /><testcase classname="backend.tests.test_post_refactor_regression.TestDashboardAndCumplimiento" name="test_cumplimiento_metrics" time="0.437" /><testcase classname="backend.tests.test_post_refactor_regression.TestCatalogoSAT" name="test_list_catalogo" time="0.407" /><testcase classname="backend.tests.test_post_refactor_regression.TestCatalogoSAT" name="test_catalogo_with_filters" time="0.446" /><testcase classname="backend.tests.test_post_refactor_regression.TestCatalogoSAT" name="test_catalogo_giros" time="0.414" /><testcase classname="backend.tests.test_post_refactor_regression.TestExports" name="test_export_donantes" time="0.421" /><testcase classname="backend.tests.test_post_refactor_regression.TestExports" name="test_export_donativos" time="0.411" /><testcase classname="backend.tests.test_post_refactor_regression.TestExports" name="test_export_alertas" time="0.436" /><testcase classname="backend.tests.test_post_refactor_regression.TestAuditoria" name="test_list_audit_log" time="0.417" /><testcase classname="backend.tests.test_post_refactor_regression.TestAuditoria" name="test_audit_log_pagination" time="0.407" /><testcase classname="backend.tests.test_post_refactor_regression.TestNotificationsConfig" name="test_notification_status" time="0.425" /><testcase classname="backend.tests.test_post_refactor_regression.TestNotificationsConfig" name="test_cron_status" time="0.403" /></testsuite></testsuites>