<?xml version="1.0" encoding="utf-8"?><testsuites name="pytest tests"><testsuite name="pytest" errors="0" failures="0" skipped="0" tests="16" time="5.144" timestamp="2026-03-31T01:16:28.323550+00:00" hostname="agent-env-5f15555b-b9ae-4efd-82cc-17bdfe986e4e"><testcase classname="backend.tests.test_catalogo.TestCatalogoPublicEndpoints" name="test_get_catalogo_donatarias_returns_paginated_list" time="0.151" /><testcase classname="backend.tests.test_catalogo.TestCatalogoPublicEndpoints" name="test_search_cruz_roja" time="0.103" /><testcase classname="backend.tests.test_catalogo.TestCatalogoPublicEndpoints" name="test_filter_by_giro_ecologica" time="0.122" /><testcase classname="backend.tests.test_catalogo.TestCatalogoPublicEndpoints" name="test_filter_by_estatus_revocada" time="0.116" /><testcase classname="backend.tests.test_catalogo.TestCatalogoPublicEndpoints" name="test_filter_by_estado" time="0.118" /><testcase classname="backend.tests.test_catalogo.TestCatalogoPublicEndpoints" name="test_get_giros_list" time="0.121" /><testcase classname="backend.tests.test_catalogo.TestCatalogoPublicEndpoints" name="test_get_catalogo_detail" time="0.227" /><testcase classname="backend.tests.test_catalogo.TestCatalogoPublicEndpoints" name="test_get_catalogo_detail_not_found" time="0.106" /><testcase classname="backend.tests.test_catalogo.TestCatalogoAuthenticatedEndpoints" name="test_create_donante_and_link_to_catalog" time="0.793" /><testcase classname="backend.tests.test_catalogo.TestCatalogoAuthenticatedEndpoints" name="test_link_duplicate_returns_400" time="0.712" /><testcase classname="backend.tests.test_catalogo.TestCatalogoAuthenticatedEndpoints" name="test_link_invalid_donante_returns_404" time="0.504" /><testcase classname="backend.tests.test_catalogo.TestCatalogoAuthenticatedEndpoints" name="test_link_invalid_catalog_returns_404" time="0.488" /><testcase classname="backend.tests.test_catalogo.TestCatalogoAuthenticatedEndpoints" name="test_unlink_nonexistent_returns_404" time="0.496" /><testcase classname="backend.tests.test_catalogo.TestCatalogoAuthenticatedEndpoints" name="test_get_vinculados_empty" time="0.531" /><testcase classname="backend.tests.test_catalogo.TestCatalogoPagination" name="test_pagination_limit_skip" time="0.346" /><testcase classname="backend.tests.test_catalogo.TestCatalogoPagination" name="test_combined_filters_and_pagination" time="0.126" /></testsuite></testsuites>