<?xml version="1.0" encoding="utf-8"?><testsuites name="pytest tests"><testsuite name="pytest" errors="0" failures="0" skipped="0" tests="5" time="0.873" timestamp="2026-03-24T01:28:15.916102+00:00" hostname="agent-env-5f15555b-b9ae-4efd-82cc-17bdfe986e4e"><testcase classname="backend.tests.test_cumplimiento.TestCumplimientoEndpoints" name="test_get_cumplimiento_metrics" time="0.450" /><testcase classname="backend.tests.test_cumplimiento.TestCumplimientoEndpoints" name="test_cumplimiento_score_calculation" time="0.077" /><testcase classname="backend.tests.test_cumplimiento.TestCumplimientoEndpoints" name="test_cumplimiento_nivel_mapping" time="0.052" /><testcase classname="backend.tests.test_cumplimiento.TestCumplimientoEndpoints" name="test_get_cumplimiento_pdf" time="0.063" /><testcase classname="backend.tests.test_cumplimiento.TestCumplimientoEndpoints" name="test_cumplimiento_unauthorized" time="0.170" /></testsuite></testsuites>