<?xml version="1.0" encoding="utf-8"?><testsuites name="pytest tests"><testsuite name="pytest" errors="0" failures="0" skipped="0" tests="25" time="6.996" timestamp="2026-04-13T17:59:33.100407+00:00" hostname="agent-env-5f15555b-b9ae-4efd-82cc-17bdfe986e4e"><testcase classname="backend.tests.test_declaracion_pld.TestAuth" name="test_login_success" time="0.517" /><testcase classname="backend.tests.test_declaracion_pld.TestDeclaracionAnualCRUD" name="test_list_declaraciones" time="0.433" /><testcase classname="backend.tests.test_declaracion_pld.TestDeclaracionAnualCRUD" name="test_create_declaracion" time="0.180" /><testcase classname="backend.tests.test_declaracion_pld.TestDeclaracionAnualCRUD" name="test_get_declaracion" time="0.166" /><testcase classname="backend.tests.test_declaracion_pld.TestDeclaracionAnualCRUD" name="test_update_declaracion" time="0.065" /><testcase classname="backend.tests.test_declaracion_pld.TestDeclaracionAnualCRUD" name="test_auto_fill_declaracion" time="0.057" /><testcase classname="backend.tests.test_declaracion_pld.TestDeclaracionAnualCRUD" name="test_delete_declaracion" time="0.242" /><testcase classname="backend.tests.test_declaracion_pld.TestDeclaracion10PercentControl" name="test_presentar_within_10_percent" time="0.620" /><testcase classname="backend.tests.test_declaracion_pld.TestDeclaracion10PercentControl" name="test_presentar_exceeds_10_percent" time="0.308" /><testcase classname="backend.tests.test_declaracion_pld.TestDeclaracionPDF" name="test_download_pdf" time="0.605" /><testcase classname="backend.tests.test_declaracion_pld.TestPLDDashboard" name="test_pld_dashboard" time="0.418" /><testcase classname="backend.tests.test_declaracion_pld.TestOperacionesVulnerables" name="test_get_operaciones_vulnerables" time="0.444" /><testcase classname="backend.tests.test_declaracion_pld.TestAvisosUIF" name="test_list_avisos" time="0.380" /><testcase classname="backend.tests.test_declaracion_pld.TestAvisosUIF" name="test_create_aviso" time="0.074" /><testcase classname="backend.tests.test_declaracion_pld.TestAvisosUIF" name="test_update_aviso" time="0.110" /><testcase classname="backend.tests.test_declaracion_pld.TestMatrizRiesgo" name="test_get_matriz_riesgo" time="0.395" /><testcase classname="backend.tests.test_declaracion_pld.TestKYCDonantes" name="test_get_kyc_status" time="0.445" /><testcase classname="backend.tests.test_declaracion_pld.TestKYCDonantes" name="test_update_kyc" time="0.112" /><testcase classname="backend.tests.test_declaracion_pld.TestDueDiligence" name="test_list_due_diligence" time="0.401" /><testcase classname="backend.tests.test_declaracion_pld.TestDueDiligence" name="test_create_due_diligence" time="0.118" /><testcase classname="backend.tests.test_declaracion_pld.TestDueDiligence" name="test_create_due_diligence_invalid_donante" time="0.053" /><testcase classname="backend.tests.test_declaracion_pld.TestEdgeCases" name="test_declaracion_not_found" time="0.418" /><testcase classname="backend.tests.test_declaracion_pld.TestEdgeCases" name="test_duplicate_ejercicio_fiscal" time="0.201" /><testcase classname="backend.tests.test_declaracion_pld.TestEdgeCases" name="test_aviso_not_found" time="0.061" /><testcase classname="backend.tests.test_declaracion_pld.TestEdgeCases" name="test_kyc_donante_not_found" time="0.052" /></testsuite></testsuites>