<?xml version="1.0" encoding="utf-8"?><testsuites name="pytest tests"><testsuite name="pytest" errors="0" failures="0" skipped="0" tests="32" time="2.694" timestamp="2026-04-13T21:10:00.859242+00:00" hostname="agent-env-5f15555b-b9ae-4efd-82cc-17bdfe986e4e"><testcase classname="backend.tests.test_iteration12_exports_analytics.TestFichaPDFExport" name="test_ficha_pdf_returns_200" time="0.538" /><testcase classname="backend.tests.test_iteration12_exports_analytics.TestFichaPDFExport" name="test_ficha_pdf_content_type" time="0.079" /><testcase classname="backend.tests.test_iteration12_exports_analytics.TestFichaPDFExport" name="test_ficha_pdf_has_content_disposition" time="0.073" /><testcase classname="backend.tests.test_iteration12_exports_analytics.TestFichaPDFExport" name="test_ficha_pdf_has_content" time="0.064" /><testcase classname="backend.tests.test_iteration12_exports_analytics.TestFichaPDFExport" name="test_ficha_pdf_unauthenticated_returns_401" time="0.111" /><testcase classname="backend.tests.test_iteration12_exports_analytics.TestAvisosCSVExport" name="test_avisos_csv_returns_200" time="0.066" /><testcase classname="backend.tests.test_iteration12_exports_analytics.TestAvisosCSVExport" name="test_avisos_csv_content_type" time="0.056" /><testcase classname="backend.tests.test_iteration12_exports_analytics.TestAvisosCSVExport" name="test_avisos_csv_has_content_disposition" time="0.077" /><testcase classname="backend.tests.test_iteration12_exports_analytics.TestAvisosCSVExport" name="test_avisos_csv_has_utf8_bom" time="0.061" /><testcase classname="backend.tests.test_iteration12_exports_analytics.TestAvisosCSVExport" name="test_avisos_csv_has_header_row" time="0.058" /><testcase classname="backend.tests.test_iteration12_exports_analytics.TestAvisosCSVExport" name="test_avisos_csv_unauthenticated_returns_401" time="0.114" /><testcase classname="backend.tests.test_iteration12_exports_analytics.TestAvisosReporteExport" name="test_avisos_reporte_returns_200" time="0.061" /><testcase classname="backend.tests.test_iteration12_exports_analytics.TestAvisosReporteExport" name="test_avisos_reporte_content_type" time="0.053" /><testcase classname="backend.tests.test_iteration12_exports_analytics.TestAvisosReporteExport" name="test_avisos_reporte_has_content_disposition" time="0.060" /><testcase classname="backend.tests.test_iteration12_exports_analytics.TestAvisosReporteExport" name="test_avisos_reporte_has_header" time="0.057" /><testcase classname="backend.tests.test_iteration12_exports_analytics.TestAvisosReporteExport" name="test_avisos_reporte_has_summary" time="0.054" /><testcase classname="backend.tests.test_iteration12_exports_analytics.TestAvisosReporteExport" name="test_avisos_reporte_unauthenticated_returns_401" time="0.119" /><testcase classname="backend.tests.test_iteration12_exports_analytics.TestAdvancedAnalytics" name="test_analytics_returns_200" time="0.057" /><testcase classname="backend.tests.test_iteration12_exports_analytics.TestAdvancedAnalytics" name="test_analytics_has_tendencias" time="0.055" /><testcase classname="backend.tests.test_iteration12_exports_analytics.TestAdvancedAnalytics" name="test_analytics_tendencias_has_4_arrays" time="0.064" /><testcase classname="backend.tests.test_iteration12_exports_analytics.TestAdvancedAnalytics" name="test_analytics_donativos_mensual_has_12_entries" time="0.055" /><testcase classname="backend.tests.test_iteration12_exports_analytics.TestAdvancedAnalytics" name="test_analytics_donantes_crecimiento_has_12_entries" time="0.053" /><testcase classname="backend.tests.test_iteration12_exports_analytics.TestAdvancedAnalytics" name="test_analytics_cfdis_mensual_has_12_entries" time="0.055" /><testcase classname="backend.tests.test_iteration12_exports_analytics.TestAdvancedAnalytics" name="test_analytics_alertas_mensual_has_12_entries" time="0.055" /><testcase classname="backend.tests.test_iteration12_exports_analytics.TestAdvancedAnalytics" name="test_analytics_has_comparativa_anual" time="0.055" /><testcase classname="backend.tests.test_iteration12_exports_analytics.TestAdvancedAnalytics" name="test_analytics_comparativa_has_variacion_pct" time="0.058" /><testcase classname="backend.tests.test_iteration12_exports_analytics.TestAdvancedAnalytics" name="test_analytics_comparativa_has_yoy_fields" time="0.056" /><testcase classname="backend.tests.test_iteration12_exports_analytics.TestAdvancedAnalytics" name="test_analytics_has_metricas" time="0.059" /><testcase classname="backend.tests.test_iteration12_exports_analytics.TestAdvancedAnalytics" name="test_analytics_metricas_has_promedio_donativo" time="0.057" /><testcase classname="backend.tests.test_iteration12_exports_analytics.TestAdvancedAnalytics" name="test_analytics_metricas_has_totals" time="0.063" /><testcase classname="backend.tests.test_iteration12_exports_analytics.TestAdvancedAnalytics" name="test_analytics_donativos_entry_structure" time="0.055" /><testcase classname="backend.tests.test_iteration12_exports_analytics.TestAdvancedAnalytics" name="test_analytics_unauthenticated_returns_401" time="0.112" /></testsuite></testsuites>