<?xml version="1.0" encoding="utf-8"?><testsuites name="pytest tests"><testsuite name="pytest" errors="0" failures="0" skipped="0" tests="27" time="2.751" timestamp="2026-03-24T01:09:02.725173+00:00" hostname="agent-env-5f15555b-b9ae-4efd-82cc-17bdfe986e4e"><testcase classname="backend.tests.test_donataria_api.TestHealthAndAuth" name="test_health_endpoint" time="0.183" /><testcase classname="backend.tests.test_donataria_api.TestHealthAndAuth" name="test_root_endpoint" time="0.119" /><testcase classname="backend.tests.test_donataria_api.TestHealthAndAuth" name="test_login_with_test_credentials" time="0.350" /><testcase classname="backend.tests.test_donataria_api.TestHealthAndAuth" name="test_get_current_user" time="0.325" /><testcase classname="backend.tests.test_donataria_api.TestDonantes" name="test_get_donantes_list" time="0.051" /><testcase classname="backend.tests.test_donataria_api.TestDonantes" name="test_create_donante" time="0.053" /><testcase classname="backend.tests.test_donataria_api.TestDonantes" name="test_get_donante_by_id" time="0.109" /><testcase classname="backend.tests.test_donataria_api.TestDonantes" name="test_update_donante" time="0.109" /><testcase classname="backend.tests.test_donataria_api.TestAlertas" name="test_get_alertas_list" time="0.054" /><testcase classname="backend.tests.test_donataria_api.TestAlertas" name="test_get_alertas_stats" time="0.055" /><testcase classname="backend.tests.test_donataria_api.TestAlertas" name="test_get_alert_rules" time="0.055" /><testcase classname="backend.tests.test_donataria_api.TestAlertas" name="test_create_alert_rule" time="0.059" /><testcase classname="backend.tests.test_donataria_api.TestAlertas" name="test_toggle_alert_rule" time="0.116" /><testcase classname="backend.tests.test_donataria_api.TestAlertas" name="test_create_manual_alert" time="0.058" /><testcase classname="backend.tests.test_donataria_api.TestReportes" name="test_get_reportes_list" time="0.058" /><testcase classname="backend.tests.test_donataria_api.TestReportes" name="test_get_plantillas_list" time="0.054" /><testcase classname="backend.tests.test_donataria_api.TestReportes" name="test_create_plantilla" time="0.062" /><testcase classname="backend.tests.test_donataria_api.TestReportes" name="test_create_reporte" time="0.065" /><testcase classname="backend.tests.test_donataria_api.TestReportes" name="test_update_reporte_estado" time="0.112" /><testcase classname="backend.tests.test_donataria_api.TestWorkflows" name="test_get_workflows_list" time="0.067" /><testcase classname="backend.tests.test_donataria_api.TestWorkflows" name="test_create_workflow" time="0.077" /><testcase classname="backend.tests.test_donataria_api.TestWorkflows" name="test_toggle_workflow" time="0.104" /><testcase classname="backend.tests.test_donataria_api.TestWorkflows" name="test_update_workflow" time="0.102" /><testcase classname="backend.tests.test_donataria_api.TestExports" name="test_export_donantes_csv" time="0.056" /><testcase classname="backend.tests.test_donataria_api.TestExports" name="test_export_alertas_csv" time="0.096" /><testcase classname="backend.tests.test_donataria_api.TestExports" name="test_export_donativos_csv" time="0.055" /><testcase classname="backend.tests.test_donataria_api.TestDashboard" name="test_get_dashboard_stats" time="0.061" /></testsuite></testsuites>